[debug] [2023-01-12T06:45:55.511Z] ----------------------------------------------------------------------
[debug] [2023-01-12T06:45:55.515Z] Command:       C:\Program Files\nodejs\node.exe C:\Users\User\AppData\Roaming\npm\node_modules\firebase-tools\lib\bin\firebase.js deploy
[debug] [2023-01-12T06:45:55.516Z] CLI Version:   11.20.0
[debug] [2023-01-12T06:45:55.516Z] Platform:      win32
[debug] [2023-01-12T06:45:55.516Z] Node Version:  v16.16.0
[debug] [2023-01-12T06:45:55.517Z] Time:          Thu Jan 12 2023 14:45:55 GMT+0800 (Malaysia Time)
[debug] [2023-01-12T06:45:55.518Z] ----------------------------------------------------------------------
[debug] 
[debug] [2023-01-12T06:45:55.670Z] > command requires scopes: ["email","openid","https://www.googleapis.com/auth/cloudplatformprojects.readonly","https://www.googleapis.com/auth/firebase","https://www.googleapis.com/auth/cloud-platform"]
[debug] [2023-01-12T06:45:55.671Z] > authorizing via signed-in user (ehekunkev@gmail.com)
[debug] [2023-01-12T06:45:55.671Z] [iam] checking project vizuara-optimized-offline-2 for permissions ["cloudfunctions.functions.create","cloudfunctions.functions.delete","cloudfunctions.functions.get","cloudfunctions.functions.list","cloudfunctions.functions.update","cloudfunctions.operations.get","firebase.projects.get"]
[debug] [2023-01-12T06:45:55.676Z] >>> [apiv2][query] POST https://cloudresourcemanager.googleapis.com/v1/projects/vizuara-optimized-offline-2:testIamPermissions [none]
[debug] [2023-01-12T06:45:55.676Z] >>> [apiv2][(partial)header] POST https://cloudresourcemanager.googleapis.com/v1/projects/vizuara-optimized-offline-2:testIamPermissions x-goog-quota-user=projects/vizuara-optimized-offline-2
[debug] [2023-01-12T06:45:55.677Z] >>> [apiv2][body] POST https://cloudresourcemanager.googleapis.com/v1/projects/vizuara-optimized-offline-2:testIamPermissions {"permissions":["cloudfunctions.functions.create","cloudfunctions.functions.delete","cloudfunctions.functions.get","cloudfunctions.functions.list","cloudfunctions.functions.update","cloudfunctions.operations.get","firebase.projects.get"]}
[debug] [2023-01-12T06:45:56.011Z] <<< [apiv2][status] POST https://cloudresourcemanager.googleapis.com/v1/projects/vizuara-optimized-offline-2:testIamPermissions 200
[debug] [2023-01-12T06:45:56.011Z] <<< [apiv2][body] POST https://cloudresourcemanager.googleapis.com/v1/projects/vizuara-optimized-offline-2:testIamPermissions {"permissions":["cloudfunctions.functions.create","cloudfunctions.functions.delete","cloudfunctions.functions.get","cloudfunctions.functions.list","cloudfunctions.functions.update","cloudfunctions.operations.get","firebase.projects.get"]}
[debug] [2023-01-12T06:45:56.012Z] >>> [apiv2][query] POST https://iam.googleapis.com/v1/projects/vizuara-optimized-offline-2/serviceAccounts/vizuara-optimized-offline-2@appspot.gserviceaccount.com:testIamPermissions [none]
[debug] [2023-01-12T06:45:56.012Z] >>> [apiv2][body] POST https://iam.googleapis.com/v1/projects/vizuara-optimized-offline-2/serviceAccounts/vizuara-optimized-offline-2@appspot.gserviceaccount.com:testIamPermissions {"permissions":["iam.serviceAccounts.actAs"]}
[debug] [2023-01-12T06:45:57.097Z] <<< [apiv2][status] POST https://iam.googleapis.com/v1/projects/vizuara-optimized-offline-2/serviceAccounts/vizuara-optimized-offline-2@appspot.gserviceaccount.com:testIamPermissions 200
[debug] [2023-01-12T06:45:57.097Z] <<< [apiv2][body] POST https://iam.googleapis.com/v1/projects/vizuara-optimized-offline-2/serviceAccounts/vizuara-optimized-offline-2@appspot.gserviceaccount.com:testIamPermissions {"permissions":["iam.serviceAccounts.actAs"]}
[info] 
[info] === Deploying to 'vizuara-optimized-offline-2'...
[info] 
[info] i  deploying functions 
[debug] [2023-01-12T06:45:57.106Z] >>> [apiv2][query] GET https://firebase.googleapis.com/v1beta1/projects/vizuara-optimized-offline-2 [none]
[debug] [2023-01-12T06:45:58.234Z] <<< [apiv2][status] GET https://firebase.googleapis.com/v1beta1/projects/vizuara-optimized-offline-2 200
[debug] [2023-01-12T06:45:58.235Z] <<< [apiv2][body] GET https://firebase.googleapis.com/v1beta1/projects/vizuara-optimized-offline-2 {"projectId":"vizuara-optimized-offline-2","projectNumber":"856708895433","displayName":"Vizuara Optimized offline 2","name":"projects/vizuara-optimized-offline-2","resources":{"hostingSite":"vizuara-optimized-offline-2"},"state":"ACTIVE","etag":"1_fe9628cf-d833-4045-aec8-b742fd0ca03b"}
[info] i  functions: preparing codebase default for deployment 
[info] i  functions: ensuring required API cloudfunctions.googleapis.com is enabled... 
[info] i  functions: ensuring required API cloudbuild.googleapis.com is enabled... 
[info] i  artifactregistry: ensuring required API artifactregistry.googleapis.com is enabled... 
[debug] [2023-01-12T06:45:58.240Z] >>> [apiv2][query] GET https://serviceusage.googleapis.com/v1/projects/vizuara-optimized-offline-2/services/cloudfunctions.googleapis.com [none]
[debug] [2023-01-12T06:45:58.240Z] >>> [apiv2][(partial)header] GET https://serviceusage.googleapis.com/v1/projects/vizuara-optimized-offline-2/services/cloudfunctions.googleapis.com x-goog-quota-user=projects/vizuara-optimized-offline-2
[debug] [2023-01-12T06:45:58.242Z] >>> [apiv2][query] GET https://serviceusage.googleapis.com/v1/projects/vizuara-optimized-offline-2/services/runtimeconfig.googleapis.com [none]
[debug] [2023-01-12T06:45:58.242Z] >>> [apiv2][(partial)header] GET https://serviceusage.googleapis.com/v1/projects/vizuara-optimized-offline-2/services/runtimeconfig.googleapis.com x-goog-quota-user=projects/vizuara-optimized-offline-2
[debug] [2023-01-12T06:45:58.244Z] >>> [apiv2][query] GET https://serviceusage.googleapis.com/v1/projects/vizuara-optimized-offline-2/services/cloudbuild.googleapis.com [none]
[debug] [2023-01-12T06:45:58.244Z] >>> [apiv2][(partial)header] GET https://serviceusage.googleapis.com/v1/projects/vizuara-optimized-offline-2/services/cloudbuild.googleapis.com x-goog-quota-user=projects/vizuara-optimized-offline-2
[debug] [2023-01-12T06:45:58.245Z] >>> [apiv2][query] GET https://serviceusage.googleapis.com/v1/projects/vizuara-optimized-offline-2/services/artifactregistry.googleapis.com [none]
[debug] [2023-01-12T06:45:58.245Z] >>> [apiv2][(partial)header] GET https://serviceusage.googleapis.com/v1/projects/vizuara-optimized-offline-2/services/artifactregistry.googleapis.com x-goog-quota-user=projects/vizuara-optimized-offline-2
[debug] [2023-01-12T06:45:59.713Z] <<< [apiv2][status] GET https://serviceusage.googleapis.com/v1/projects/vizuara-optimized-offline-2/services/artifactregistry.googleapis.com 200
[debug] [2023-01-12T06:45:59.713Z] <<< [apiv2][body] GET https://serviceusage.googleapis.com/v1/projects/vizuara-optimized-offline-2/services/artifactregistry.googleapis.com [omitted]
[info] +  artifactregistry: required API artifactregistry.googleapis.com is enabled 
[debug] [2023-01-12T06:45:59.731Z] <<< [apiv2][status] GET https://serviceusage.googleapis.com/v1/projects/vizuara-optimized-offline-2/services/cloudfunctions.googleapis.com 200
[debug] [2023-01-12T06:45:59.732Z] <<< [apiv2][body] GET https://serviceusage.googleapis.com/v1/projects/vizuara-optimized-offline-2/services/cloudfunctions.googleapis.com [omitted]
[info] +  functions: required API cloudfunctions.googleapis.com is enabled 
[debug] [2023-01-12T06:45:59.737Z] <<< [apiv2][status] GET https://serviceusage.googleapis.com/v1/projects/vizuara-optimized-offline-2/services/runtimeconfig.googleapis.com 200
[debug] [2023-01-12T06:45:59.737Z] <<< [apiv2][body] GET https://serviceusage.googleapis.com/v1/projects/vizuara-optimized-offline-2/services/runtimeconfig.googleapis.com [omitted]
[debug] [2023-01-12T06:45:59.739Z] <<< [apiv2][status] GET https://serviceusage.googleapis.com/v1/projects/vizuara-optimized-offline-2/services/cloudbuild.googleapis.com 200
[debug] [2023-01-12T06:45:59.739Z] <<< [apiv2][body] GET https://serviceusage.googleapis.com/v1/projects/vizuara-optimized-offline-2/services/cloudbuild.googleapis.com [omitted]
[info] +  functions: required API cloudbuild.googleapis.com is enabled 
[debug] [2023-01-12T06:45:59.741Z] >>> [apiv2][query] GET https://firebase.googleapis.com/v1beta1/projects/vizuara-optimized-offline-2/adminSdkConfig [none]
[debug] [2023-01-12T06:46:00.891Z] <<< [apiv2][status] GET https://firebase.googleapis.com/v1beta1/projects/vizuara-optimized-offline-2/adminSdkConfig 200
[debug] [2023-01-12T06:46:00.892Z] <<< [apiv2][body] GET https://firebase.googleapis.com/v1beta1/projects/vizuara-optimized-offline-2/adminSdkConfig {"projectId":"vizuara-optimized-offline-2","storageBucket":"vizuara-optimized-offline-2.appspot.com"}
[debug] [2023-01-12T06:46:00.892Z] >>> [apiv2][query] GET https://runtimeconfig.googleapis.com/v1beta1/projects/vizuara-optimized-offline-2/configs [none]
[debug] [2023-01-12T06:46:02.538Z] <<< [apiv2][status] GET https://runtimeconfig.googleapis.com/v1beta1/projects/vizuara-optimized-offline-2/configs 200
[debug] [2023-01-12T06:46:02.538Z] <<< [apiv2][body] GET https://runtimeconfig.googleapis.com/v1beta1/projects/vizuara-optimized-offline-2/configs {}
[debug] [2023-01-12T06:46:02.540Z] Validating nodejs source
[warn] !  functions: package.json indicates an outdated version of firebase-functions. Please upgrade using npm install --save firebase-functions@latest in your functions directory. 
[warn] !  functions: Please note that there will be breaking changes when you upgrade. 
[debug] [2023-01-12T06:46:04.666Z] > [functions] package.json contents: {
  "name": "functions",
  "description": "Cloud Functions for Firebase",
  "scripts": {
    "serve": "firebase emulators:start --only functions",
    "shell": "firebase functions:shell",
    "start": "npm run shell",
    "deploy": "firebase deploy --only functions",
    "logs": "firebase functions:log"
  },
  "engines": {
    "node": "16"
  },
  "main": "index.js",
  "dependencies": {
    "express": "^4.18.2",
    "firebase-admin": "^10.0.2",
    "firebase-functions": "^3.18.0"
  },
  "devDependencies": {
    "firebase-functions-test": "^0.2.0"
  },
  "private": true
}
[debug] [2023-01-12T06:46:04.666Z] Building nodejs source
[debug] [2023-01-12T06:46:04.668Z] Could not find functions.yaml. Must use http discovery
[debug] [2023-01-12T06:46:05.074Z] Serving at port 9005

[debug] [2023-01-12T06:46:05.364Z] Got response from /__/functions.yaml {"endpoints":{"generate_json_file":{"platform":"gcfv1","region":["asia-south1"],"httpsTrigger":{},"entryPoint":"generate_json_file"}},"specVersion":"v1alpha1","requiredAPIs":[]}
[debug] [2023-01-12T06:46:05.375Z] shutdown requested via /__/quitquitquit

[info] i  functions: preparing functions directory for uploading... 
[info] i  functions: packaged C:\Tauri\Vizuara-Backend\functions (58.63 KB) for uploading 
[debug] [2023-01-12T06:46:05.502Z] >>> [apiv2][query] GET https://cloudfunctions.googleapis.com/v1/projects/vizuara-optimized-offline-2/locations/-/functions [none]
[debug] [2023-01-12T06:46:06.047Z] <<< [apiv2][status] GET https://cloudfunctions.googleapis.com/v1/projects/vizuara-optimized-offline-2/locations/-/functions 200
[debug] [2023-01-12T06:46:06.047Z] <<< [apiv2][body] GET https://cloudfunctions.googleapis.com/v1/projects/vizuara-optimized-offline-2/locations/-/functions {"functions":[{"name":"projects/vizuara-optimized-offline-2/locations/asia-south1/functions/generate_json_file","httpsTrigger":{"url":"https://asia-south1-vizuara-optimized-offline-2.cloudfunctions.net/generate_json_file","securityLevel":"SECURE_ALWAYS"},"status":"ACTIVE","entryPoint":"generate_json_file","timeout":"60s","availableMemoryMb":256,"serviceAccountEmail":"vizuara-optimized-offline-2@appspot.gserviceaccount.com","updateTime":"2023-01-12T06:39:53.382Z","versionId":"1","labels":{"deployment-tool":"cli-firebase","firebase-functions-hash":"7465dd2c2e5438ddef0377ca65ec2258a86ee98b"},"sourceUploadUrl":"https://storage.googleapis.com/uploads-456801246082.asia-south1.cloudfunctions.appspot.com/389903aa-87e0-4555-a8ba-b4beabf4fdf9.zip","environmentVariables":{"FIREBASE_CONFIG":"{\"projectId\":\"vizuara-optimized-offline-2\",\"storageBucket\":\"vizuara-optimized-offline-2.appspot.com\"}","GCLOUD_PROJECT":"vizuara-optimized-offline-2","EVENTARC_CLOUD_EVENT_SOURCE":"projects/vizuara-optimized-offline-2/locations/asia-south1/functions/generate_json_file"},"runtime":"nodejs16","ingressSettings":"ALLOW_ALL","buildId":"a76decf2-efbe-41d5-b85a-3d8c78f08838","buildName":"projects/856708895433/locations/asia-south1/builds/a76decf2-efbe-41d5-b85a-3d8c78f08838","dockerRegistry":"ARTIFACT_REGISTRY"}]}
[debug] [2023-01-12T06:46:06.050Z] >>> [apiv2][query] GET https://cloudfunctions.googleapis.com/v2/projects/vizuara-optimized-offline-2/locations/-/functions filter=environment%3D%22GEN_2%22
[debug] [2023-01-12T06:46:07.895Z] <<< [apiv2][status] GET https://cloudfunctions.googleapis.com/v2/projects/vizuara-optimized-offline-2/locations/-/functions 200
[debug] [2023-01-12T06:46:07.896Z] <<< [apiv2][body] GET https://cloudfunctions.googleapis.com/v2/projects/vizuara-optimized-offline-2/locations/-/functions {}
[debug] [2023-01-12T06:46:07.906Z] >>> [apiv2][query] GET https://firebase.googleapis.com/v1beta1/projects/vizuara-optimized-offline-2 [none]
[debug] [2023-01-12T06:46:09.029Z] <<< [apiv2][status] GET https://firebase.googleapis.com/v1beta1/projects/vizuara-optimized-offline-2 200
[debug] [2023-01-12T06:46:09.029Z] <<< [apiv2][body] GET https://firebase.googleapis.com/v1beta1/projects/vizuara-optimized-offline-2 {"projectId":"vizuara-optimized-offline-2","projectNumber":"856708895433","displayName":"Vizuara Optimized offline 2","name":"projects/vizuara-optimized-offline-2","resources":{"hostingSite":"vizuara-optimized-offline-2"},"state":"ACTIVE","etag":"1_fe9628cf-d833-4045-aec8-b742fd0ca03b"}
[debug] [2023-01-12T06:46:09.032Z] >>> [apiv2][query] POST https://cloudfunctions.googleapis.com/v1/projects/vizuara-optimized-offline-2/locations/asia-south1/functions:generateUploadUrl [none]
[debug] [2023-01-12T06:46:09.032Z] >>> [apiv2][body] POST https://cloudfunctions.googleapis.com/v1/projects/vizuara-optimized-offline-2/locations/asia-south1/functions:generateUploadUrl {}
[debug] [2023-01-12T06:46:10.033Z] <<< [apiv2][status] POST https://cloudfunctions.googleapis.com/v1/projects/vizuara-optimized-offline-2/locations/asia-south1/functions:generateUploadUrl 200
[debug] [2023-01-12T06:46:10.033Z] <<< [apiv2][body] POST https://cloudfunctions.googleapis.com/v1/projects/vizuara-optimized-offline-2/locations/asia-south1/functions:generateUploadUrl {"uploadUrl":"https://storage.googleapis.com/uploads-456801246082.asia-south1.cloudfunctions.appspot.com/1a0ba44a-a0ce-449a-a08c-f79d2200e9cd.zip?GoogleAccessId=service-856708895433@gcf-admin-robot.iam.gserviceaccount.com&Expires=1673507770&Signature=JkBwwkfK1cchNtZhaUkx3QnD8Bb%2FyzNlLC6iQeOVsx7L%2Fhsp3w3El%2B6jRXrNx5LeBTwr2Oev5RUc6f%2BTgQcSCBhZCDDIGNL9g2SIhCKaem4VRYuv%2BruqHr45JUMNpEM2i8slSl6OExA0K9hni0azxsryZWlLGgsKCeS38UEP5XJatcDuxH0r7xq7VXQSyGAFOmL5uN6iavYEKV8h0pYCrgiVK2KDxyfOBtiqGy9A3DBswJD4j96EJM83OFnhmC8iehGpd5S%2BaR7xgtHIvTpLDTUhz22iCSRDLUuXFsXxIrS5O5XPI1k00s848izzvQVFSYuBOs8kf1XsBArwF7mrrw%3D%3D"}
[debug] [2023-01-12T06:46:10.035Z] >>> [apiv2][query] PUT https://storage.googleapis.com/uploads-456801246082.asia-south1.cloudfunctions.appspot.com/1a0ba44a-a0ce-449a-a08c-f79d2200e9cd.zip GoogleAccessId=service-856708895433%40gcf-admin-robot.iam.gserviceaccount.com&Expires=1673507770&Signature=JkBwwkfK1cchNtZhaUkx3QnD8Bb%2FyzNlLC6iQeOVsx7L%2Fhsp3w3El%2B6jRXrNx5LeBTwr2Oev5RUc6f%2BTgQcSCBhZCDDIGNL9g2SIhCKaem4VRYuv%2BruqHr45JUMNpEM2i8slSl6OExA0K9hni0azxsryZWlLGgsKCeS38UEP5XJatcDuxH0r7xq7VXQSyGAFOmL5uN6iavYEKV8h0pYCrgiVK2KDxyfOBtiqGy9A3DBswJD4j96EJM83OFnhmC8iehGpd5S%2BaR7xgtHIvTpLDTUhz22iCSRDLUuXFsXxIrS5O5XPI1k00s848izzvQVFSYuBOs8kf1XsBArwF7mrrw%3D%3D
[debug] [2023-01-12T06:46:10.035Z] >>> [apiv2][body] PUT https://storage.googleapis.com/uploads-456801246082.asia-south1.cloudfunctions.appspot.com/1a0ba44a-a0ce-449a-a08c-f79d2200e9cd.zip [stream]
[debug] [2023-01-12T06:46:10.451Z] <<< [apiv2][status] PUT https://storage.googleapis.com/uploads-456801246082.asia-south1.cloudfunctions.appspot.com/1a0ba44a-a0ce-449a-a08c-f79d2200e9cd.zip 200
[debug] [2023-01-12T06:46:10.451Z] <<< [apiv2][body] PUT https://storage.googleapis.com/uploads-456801246082.asia-south1.cloudfunctions.appspot.com/1a0ba44a-a0ce-449a-a08c-f79d2200e9cd.zip [omitted]
[info] +  functions: functions folder uploaded successfully 
[info] i  functions: updating Node.js 16 function generate_json_file(asia-south1)... 
[debug] [2023-01-12T06:46:10.462Z] >>> [apiv2][query] PATCH https://cloudfunctions.googleapis.com/v1/projects/vizuara-optimized-offline-2/locations/asia-south1/functions/generate_json_file updateMask=name%2CsourceUploadUrl%2CentryPoint%2Cruntime%2CdockerRegistry%2Clabels%2ChttpsTrigger.securityLevel%2CenvironmentVariables%2CavailableMemoryMb%2CsourceToken
[debug] [2023-01-12T06:46:10.462Z] >>> [apiv2][body] PATCH https://cloudfunctions.googleapis.com/v1/projects/vizuara-optimized-offline-2/locations/asia-south1/functions/generate_json_file {"name":"projects/vizuara-optimized-offline-2/locations/asia-south1/functions/generate_json_file","sourceUploadUrl":"https://storage.googleapis.com/uploads-456801246082.asia-south1.cloudfunctions.appspot.com/1a0ba44a-a0ce-449a-a08c-f79d2200e9cd.zip?GoogleAccessId=service-856708895433@gcf-admin-robot.iam.gserviceaccount.com&Expires=1673507770&Signature=JkBwwkfK1cchNtZhaUkx3QnD8Bb%2FyzNlLC6iQeOVsx7L%2Fhsp3w3El%2B6jRXrNx5LeBTwr2Oev5RUc6f%2BTgQcSCBhZCDDIGNL9g2SIhCKaem4VRYuv%2BruqHr45JUMNpEM2i8slSl6OExA0K9hni0azxsryZWlLGgsKCeS38UEP5XJatcDuxH0r7xq7VXQSyGAFOmL5uN6iavYEKV8h0pYCrgiVK2KDxyfOBtiqGy9A3DBswJD4j96EJM83OFnhmC8iehGpd5S%2BaR7xgtHIvTpLDTUhz22iCSRDLUuXFsXxIrS5O5XPI1k00s848izzvQVFSYuBOs8kf1XsBArwF7mrrw%3D%3D","entryPoint":"generate_json_file","runtime":"nodejs16","dockerRegistry":"ARTIFACT_REGISTRY","labels":{"deployment-tool":"cli-firebase","firebase-functions-hash":"15620abe081b887f3bcac98805e50c16ced29d74"},"httpsTrigger":{"securityLevel":"SECURE_ALWAYS"},"environmentVariables":{"FIREBASE_CONFIG":"{\"projectId\":\"vizuara-optimized-offline-2\",\"storageBucket\":\"vizuara-optimized-offline-2.appspot.com\"}","GCLOUD_PROJECT":"vizuara-optimized-offline-2","EVENTARC_CLOUD_EVENT_SOURCE":"projects/vizuara-optimized-offline-2/locations/asia-south1/functions/generate_json_file"},"availableMemoryMb":256}
[debug] [2023-01-12T06:46:11.105Z] <<< [apiv2][status] PATCH https://cloudfunctions.googleapis.com/v1/projects/vizuara-optimized-offline-2/locations/asia-south1/functions/generate_json_file 200
[debug] [2023-01-12T06:46:11.106Z] <<< [apiv2][body] PATCH https://cloudfunctions.googleapis.com/v1/projects/vizuara-optimized-offline-2/locations/asia-south1/functions/generate_json_file {"name":"operations/dml6dWFyYS1vcHRpbWl6ZWQtb2ZmbGluZS0yL2FzaWEtc291dGgxL2dlbmVyYXRlX2pzb25fZmlsZS9MM1hFa0FJY20yNA","metadata":{"@type":"type.googleapis.com/google.cloud.functions.v1.OperationMetadataV1","target":"projects/vizuara-optimized-offline-2/locations/asia-south1/functions/generate_json_file","type":"UPDATE_FUNCTION","request":{"@type":"type.googleapis.com/google.cloud.functions.v1.CloudFunction","name":"projects/vizuara-optimized-offline-2/locations/asia-south1/functions/generate_json_file","httpsTrigger":{"url":"https://asia-south1-vizuara-optimized-offline-2.cloudfunctions.net/generate_json_file","securityLevel":"SECURE_ALWAYS"},"status":"ACTIVE","entryPoint":"generate_json_file","timeout":"60s","availableMemoryMb":256,"serviceAccountEmail":"vizuara-optimized-offline-2@appspot.gserviceaccount.com","updateTime":"2023-01-12T06:39:53.382Z","versionId":"1","labels":{"deployment-tool":"cli-firebase","firebase-functions-hash":"15620abe081b887f3bcac98805e50c16ced29d74"},"sourceUploadUrl":"https://storage.googleapis.com/uploads-456801246082.asia-south1.cloudfunctions.appspot.com/1a0ba44a-a0ce-449a-a08c-f79d2200e9cd.zip?GoogleAccessId=service-856708895433@gcf-admin-robot.iam.gserviceaccount.com&Expires=1673507770&Signature=JkBwwkfK1cchNtZhaUkx3QnD8Bb%2FyzNlLC6iQeOVsx7L%2Fhsp3w3El%2B6jRXrNx5LeBTwr2Oev5RUc6f%2BTgQcSCBhZCDDIGNL9g2SIhCKaem4VRYuv%2BruqHr45JUMNpEM2i8slSl6OExA0K9hni0azxsryZWlLGgsKCeS38UEP5XJatcDuxH0r7xq7VXQSyGAFOmL5uN6iavYEKV8h0pYCrgiVK2KDxyfOBtiqGy9A3DBswJD4j96EJM83OFnhmC8iehGpd5S%2BaR7xgtHIvTpLDTUhz22iCSRDLUuXFsXxIrS5O5XPI1k00s848izzvQVFSYuBOs8kf1XsBArwF7mrrw%3D%3D","environmentVariables":{"FIREBASE_CONFIG":"{\"projectId\":\"vizuara-optimized-offline-2\",\"storageBucket\":\"vizuara-optimized-offline-2.appspot.com\"}","GCLOUD_PROJECT":"vizuara-optimized-offline-2","EVENTARC_CLOUD_EVENT_SOURCE":"projects/vizuara-optimized-offline-2/locations/asia-south1/functions/generate_json_file"},"runtime":"nodejs16","ingressSettings":"ALLOW_ALL","buildId":"a76decf2-efbe-41d5-b85a-3d8c78f08838","buildName":"projects/856708895433/locations/asia-south1/builds/a76decf2-efbe-41d5-b85a-3d8c78f08838","dockerRegistry":"ARTIFACT_REGISTRY"},"versionId":"2","updateTime":"2023-01-12T06:46:11Z"}}
[debug] [2023-01-12T06:46:11.107Z] >>> [apiv2][query] GET https://cloudfunctions.googleapis.com/v1/operations/dml6dWFyYS1vcHRpbWl6ZWQtb2ZmbGluZS0yL2FzaWEtc291dGgxL2dlbmVyYXRlX2pzb25fZmlsZS9MM1hFa0FJY20yNA [none]
[debug] [2023-01-12T06:46:11.370Z] <<< [apiv2][status] GET https://cloudfunctions.googleapis.com/v1/operations/dml6dWFyYS1vcHRpbWl6ZWQtb2ZmbGluZS0yL2FzaWEtc291dGgxL2dlbmVyYXRlX2pzb25fZmlsZS9MM1hFa0FJY20yNA 200
[debug] [2023-01-12T06:46:11.370Z] <<< [apiv2][body] GET https://cloudfunctions.googleapis.com/v1/operations/dml6dWFyYS1vcHRpbWl6ZWQtb2ZmbGluZS0yL2FzaWEtc291dGgxL2dlbmVyYXRlX2pzb25fZmlsZS9MM1hFa0FJY20yNA {"name":"operations/dml6dWFyYS1vcHRpbWl6ZWQtb2ZmbGluZS0yL2FzaWEtc291dGgxL2dlbmVyYXRlX2pzb25fZmlsZS9MM1hFa0FJY20yNA","metadata":{"@type":"type.googleapis.com/google.cloud.functions.v1.OperationMetadataV1","target":"projects/vizuara-optimized-offline-2/locations/asia-south1/functions/generate_json_file","type":"UPDATE_FUNCTION","request":{"@type":"type.googleapis.com/google.cloud.functions.v1.CloudFunction","name":"projects/vizuara-optimized-offline-2/locations/asia-south1/functions/generate_json_file","httpsTrigger":{"url":"https://asia-south1-vizuara-optimized-offline-2.cloudfunctions.net/generate_json_file","securityLevel":"SECURE_ALWAYS"},"status":"ACTIVE","entryPoint":"generate_json_file","timeout":"60s","availableMemoryMb":256,"serviceAccountEmail":"vizuara-optimized-offline-2@appspot.gserviceaccount.com","updateTime":"2023-01-12T06:39:53.382Z","versionId":"1","labels":{"deployment-tool":"cli-firebase","firebase-functions-hash":"15620abe081b887f3bcac98805e50c16ced29d74"},"sourceUploadUrl":"https://storage.googleapis.com/uploads-456801246082.asia-south1.cloudfunctions.appspot.com/1a0ba44a-a0ce-449a-a08c-f79d2200e9cd.zip?GoogleAccessId=service-856708895433@gcf-admin-robot.iam.gserviceaccount.com&Expires=1673507770&Signature=JkBwwkfK1cchNtZhaUkx3QnD8Bb%2FyzNlLC6iQeOVsx7L%2Fhsp3w3El%2B6jRXrNx5LeBTwr2Oev5RUc6f%2BTgQcSCBhZCDDIGNL9g2SIhCKaem4VRYuv%2BruqHr45JUMNpEM2i8slSl6OExA0K9hni0azxsryZWlLGgsKCeS38UEP5XJatcDuxH0r7xq7VXQSyGAFOmL5uN6iavYEKV8h0pYCrgiVK2KDxyfOBtiqGy9A3DBswJD4j96EJM83OFnhmC8iehGpd5S%2BaR7xgtHIvTpLDTUhz22iCSRDLUuXFsXxIrS5O5XPI1k00s848izzvQVFSYuBOs8kf1XsBArwF7mrrw%3D%3D","environmentVariables":{"FIREBASE_CONFIG":"{\"projectId\":\"vizuara-optimized-offline-2\",\"storageBucket\":\"vizuara-optimized-offline-2.appspot.com\"}","GCLOUD_PROJECT":"vizuara-optimized-offline-2","EVENTARC_CLOUD_EVENT_SOURCE":"projects/vizuara-optimized-offline-2/locations/asia-south1/functions/generate_json_file"},"runtime":"nodejs16","ingressSettings":"ALLOW_ALL","buildId":"a76decf2-efbe-41d5-b85a-3d8c78f08838","buildName":"projects/856708895433/locations/asia-south1/builds/a76decf2-efbe-41d5-b85a-3d8c78f08838","dockerRegistry":"ARTIFACT_REGISTRY"},"versionId":"2","updateTime":"2023-01-12T06:46:11Z"}}
[debug] [2023-01-12T06:46:11.878Z] [update-default-asia-south1-generate_json_file] Retrying task index 0
[debug] [2023-01-12T06:46:11.879Z] >>> [apiv2][query] GET https://cloudfunctions.googleapis.com/v1/operations/dml6dWFyYS1vcHRpbWl6ZWQtb2ZmbGluZS0yL2FzaWEtc291dGgxL2dlbmVyYXRlX2pzb25fZmlsZS9MM1hFa0FJY20yNA [none]
[debug] [2023-01-12T06:46:12.408Z] <<< [apiv2][status] GET https://cloudfunctions.googleapis.com/v1/operations/dml6dWFyYS1vcHRpbWl6ZWQtb2ZmbGluZS0yL2FzaWEtc291dGgxL2dlbmVyYXRlX2pzb25fZmlsZS9MM1hFa0FJY20yNA 200
[debug] [2023-01-12T06:46:12.408Z] <<< [apiv2][body] GET https://cloudfunctions.googleapis.com/v1/operations/dml6dWFyYS1vcHRpbWl6ZWQtb2ZmbGluZS0yL2FzaWEtc291dGgxL2dlbmVyYXRlX2pzb25fZmlsZS9MM1hFa0FJY20yNA {"name":"operations/dml6dWFyYS1vcHRpbWl6ZWQtb2ZmbGluZS0yL2FzaWEtc291dGgxL2dlbmVyYXRlX2pzb25fZmlsZS9MM1hFa0FJY20yNA","metadata":{"@type":"type.googleapis.com/google.cloud.functions.v1.OperationMetadataV1","target":"projects/vizuara-optimized-offline-2/locations/asia-south1/functions/generate_json_file","type":"UPDATE_FUNCTION","request":{"@type":"type.googleapis.com/google.cloud.functions.v1.CloudFunction","name":"projects/vizuara-optimized-offline-2/locations/asia-south1/functions/generate_json_file","httpsTrigger":{"url":"https://asia-south1-vizuara-optimized-offline-2.cloudfunctions.net/generate_json_file","securityLevel":"SECURE_ALWAYS"},"status":"ACTIVE","entryPoint":"generate_json_file","timeout":"60s","availableMemoryMb":256,"serviceAccountEmail":"vizuara-optimized-offline-2@appspot.gserviceaccount.com","updateTime":"2023-01-12T06:39:53.382Z","versionId":"1","labels":{"deployment-tool":"cli-firebase","firebase-functions-hash":"15620abe081b887f3bcac98805e50c16ced29d74"},"sourceUploadUrl":"https://storage.googleapis.com/uploads-456801246082.asia-south1.cloudfunctions.appspot.com/1a0ba44a-a0ce-449a-a08c-f79d2200e9cd.zip?GoogleAccessId=service-856708895433@gcf-admin-robot.iam.gserviceaccount.com&Expires=1673507770&Signature=JkBwwkfK1cchNtZhaUkx3QnD8Bb%2FyzNlLC6iQeOVsx7L%2Fhsp3w3El%2B6jRXrNx5LeBTwr2Oev5RUc6f%2BTgQcSCBhZCDDIGNL9g2SIhCKaem4VRYuv%2BruqHr45JUMNpEM2i8slSl6OExA0K9hni0azxsryZWlLGgsKCeS38UEP5XJatcDuxH0r7xq7VXQSyGAFOmL5uN6iavYEKV8h0pYCrgiVK2KDxyfOBtiqGy9A3DBswJD4j96EJM83OFnhmC8iehGpd5S%2BaR7xgtHIvTpLDTUhz22iCSRDLUuXFsXxIrS5O5XPI1k00s848izzvQVFSYuBOs8kf1XsBArwF7mrrw%3D%3D","environmentVariables":{"FIREBASE_CONFIG":"{\"projectId\":\"vizuara-optimized-offline-2\",\"storageBucket\":\"vizuara-optimized-offline-2.appspot.com\"}","GCLOUD_PROJECT":"vizuara-optimized-offline-2","EVENTARC_CLOUD_EVENT_SOURCE":"projects/vizuara-optimized-offline-2/locations/asia-south1/functions/generate_json_file"},"runtime":"nodejs16","ingressSettings":"ALLOW_ALL","buildId":"a76decf2-efbe-41d5-b85a-3d8c78f08838","buildName":"projects/856708895433/locations/asia-south1/builds/a76decf2-efbe-41d5-b85a-3d8c78f08838","dockerRegistry":"ARTIFACT_REGISTRY"},"versionId":"2","updateTime":"2023-01-12T06:46:11Z"}}
[debug] [2023-01-12T06:46:13.418Z] [update-default-asia-south1-generate_json_file] Retrying task index 0
[debug] [2023-01-12T06:46:13.419Z] >>> [apiv2][query] GET https://cloudfunctions.googleapis.com/v1/operations/dml6dWFyYS1vcHRpbWl6ZWQtb2ZmbGluZS0yL2FzaWEtc291dGgxL2dlbmVyYXRlX2pzb25fZmlsZS9MM1hFa0FJY20yNA [none]
[debug] [2023-01-12T06:46:13.669Z] <<< [apiv2][status] GET https://cloudfunctions.googleapis.com/v1/operations/dml6dWFyYS1vcHRpbWl6ZWQtb2ZmbGluZS0yL2FzaWEtc291dGgxL2dlbmVyYXRlX2pzb25fZmlsZS9MM1hFa0FJY20yNA 200
[debug] [2023-01-12T06:46:13.670Z] <<< [apiv2][body] GET https://cloudfunctions.googleapis.com/v1/operations/dml6dWFyYS1vcHRpbWl6ZWQtb2ZmbGluZS0yL2FzaWEtc291dGgxL2dlbmVyYXRlX2pzb25fZmlsZS9MM1hFa0FJY20yNA {"name":"operations/dml6dWFyYS1vcHRpbWl6ZWQtb2ZmbGluZS0yL2FzaWEtc291dGgxL2dlbmVyYXRlX2pzb25fZmlsZS9MM1hFa0FJY20yNA","metadata":{"@type":"type.googleapis.com/google.cloud.functions.v1.OperationMetadataV1","target":"projects/vizuara-optimized-offline-2/locations/asia-south1/functions/generate_json_file","type":"UPDATE_FUNCTION","request":{"@type":"type.googleapis.com/google.cloud.functions.v1.CloudFunction","name":"projects/vizuara-optimized-offline-2/locations/asia-south1/functions/generate_json_file","httpsTrigger":{"url":"https://asia-south1-vizuara-optimized-offline-2.cloudfunctions.net/generate_json_file","securityLevel":"SECURE_ALWAYS"},"status":"ACTIVE","entryPoint":"generate_json_file","timeout":"60s","availableMemoryMb":256,"serviceAccountEmail":"vizuara-optimized-offline-2@appspot.gserviceaccount.com","updateTime":"2023-01-12T06:39:53.382Z","versionId":"1","labels":{"deployment-tool":"cli-firebase","firebase-functions-hash":"15620abe081b887f3bcac98805e50c16ced29d74"},"sourceUploadUrl":"https://storage.googleapis.com/uploads-456801246082.asia-south1.cloudfunctions.appspot.com/1a0ba44a-a0ce-449a-a08c-f79d2200e9cd.zip?GoogleAccessId=service-856708895433@gcf-admin-robot.iam.gserviceaccount.com&Expires=1673507770&Signature=JkBwwkfK1cchNtZhaUkx3QnD8Bb%2FyzNlLC6iQeOVsx7L%2Fhsp3w3El%2B6jRXrNx5LeBTwr2Oev5RUc6f%2BTgQcSCBhZCDDIGNL9g2SIhCKaem4VRYuv%2BruqHr45JUMNpEM2i8slSl6OExA0K9hni0azxsryZWlLGgsKCeS38UEP5XJatcDuxH0r7xq7VXQSyGAFOmL5uN6iavYEKV8h0pYCrgiVK2KDxyfOBtiqGy9A3DBswJD4j96EJM83OFnhmC8iehGpd5S%2BaR7xgtHIvTpLDTUhz22iCSRDLUuXFsXxIrS5O5XPI1k00s848izzvQVFSYuBOs8kf1XsBArwF7mrrw%3D%3D","environmentVariables":{"FIREBASE_CONFIG":"{\"projectId\":\"vizuara-optimized-offline-2\",\"storageBucket\":\"vizuara-optimized-offline-2.appspot.com\"}","GCLOUD_PROJECT":"vizuara-optimized-offline-2","EVENTARC_CLOUD_EVENT_SOURCE":"projects/vizuara-optimized-offline-2/locations/asia-south1/functions/generate_json_file"},"runtime":"nodejs16","ingressSettings":"ALLOW_ALL","buildId":"a76decf2-efbe-41d5-b85a-3d8c78f08838","buildName":"projects/856708895433/locations/asia-south1/builds/a76decf2-efbe-41d5-b85a-3d8c78f08838","dockerRegistry":"ARTIFACT_REGISTRY"},"versionId":"2","updateTime":"2023-01-12T06:46:11Z","buildId":"881a2169-d01f-42fe-85e2-d843c6efb253","buildName":"projects/856708895433/locations/asia-south1/builds/881a2169-d01f-42fe-85e2-d843c6efb253"}}
[debug] [2023-01-12T06:46:15.676Z] [update-default-asia-south1-generate_json_file] Retrying task index 0
[debug] [2023-01-12T06:46:15.677Z] >>> [apiv2][query] GET https://cloudfunctions.googleapis.com/v1/operations/dml6dWFyYS1vcHRpbWl6ZWQtb2ZmbGluZS0yL2FzaWEtc291dGgxL2dlbmVyYXRlX2pzb25fZmlsZS9MM1hFa0FJY20yNA [none]
[debug] [2023-01-12T06:46:15.844Z] <<< [apiv2][status] GET https://cloudfunctions.googleapis.com/v1/operations/dml6dWFyYS1vcHRpbWl6ZWQtb2ZmbGluZS0yL2FzaWEtc291dGgxL2dlbmVyYXRlX2pzb25fZmlsZS9MM1hFa0FJY20yNA 200
[debug] [2023-01-12T06:46:15.844Z] <<< [apiv2][body] GET https://cloudfunctions.googleapis.com/v1/operations/dml6dWFyYS1vcHRpbWl6ZWQtb2ZmbGluZS0yL2FzaWEtc291dGgxL2dlbmVyYXRlX2pzb25fZmlsZS9MM1hFa0FJY20yNA {"name":"operations/dml6dWFyYS1vcHRpbWl6ZWQtb2ZmbGluZS0yL2FzaWEtc291dGgxL2dlbmVyYXRlX2pzb25fZmlsZS9MM1hFa0FJY20yNA","metadata":{"@type":"type.googleapis.com/google.cloud.functions.v1.OperationMetadataV1","target":"projects/vizuara-optimized-offline-2/locations/asia-south1/functions/generate_json_file","type":"UPDATE_FUNCTION","request":{"@type":"type.googleapis.com/google.cloud.functions.v1.CloudFunction","name":"projects/vizuara-optimized-offline-2/locations/asia-south1/functions/generate_json_file","httpsTrigger":{"url":"https://asia-south1-vizuara-optimized-offline-2.cloudfunctions.net/generate_json_file","securityLevel":"SECURE_ALWAYS"},"status":"ACTIVE","entryPoint":"generate_json_file","timeout":"60s","availableMemoryMb":256,"serviceAccountEmail":"vizuara-optimized-offline-2@appspot.gserviceaccount.com","updateTime":"2023-01-12T06:39:53.382Z","versionId":"1","labels":{"deployment-tool":"cli-firebase","firebase-functions-hash":"15620abe081b887f3bcac98805e50c16ced29d74"},"sourceUploadUrl":"https://storage.googleapis.com/uploads-456801246082.asia-south1.cloudfunctions.appspot.com/1a0ba44a-a0ce-449a-a08c-f79d2200e9cd.zip?GoogleAccessId=service-856708895433@gcf-admin-robot.iam.gserviceaccount.com&Expires=1673507770&Signature=JkBwwkfK1cchNtZhaUkx3QnD8Bb%2FyzNlLC6iQeOVsx7L%2Fhsp3w3El%2B6jRXrNx5LeBTwr2Oev5RUc6f%2BTgQcSCBhZCDDIGNL9g2SIhCKaem4VRYuv%2BruqHr45JUMNpEM2i8slSl6OExA0K9hni0azxsryZWlLGgsKCeS38UEP5XJatcDuxH0r7xq7VXQSyGAFOmL5uN6iavYEKV8h0pYCrgiVK2KDxyfOBtiqGy9A3DBswJD4j96EJM83OFnhmC8iehGpd5S%2BaR7xgtHIvTpLDTUhz22iCSRDLUuXFsXxIrS5O5XPI1k00s848izzvQVFSYuBOs8kf1XsBArwF7mrrw%3D%3D","environmentVariables":{"FIREBASE_CONFIG":"{\"projectId\":\"vizuara-optimized-offline-2\",\"storageBucket\":\"vizuara-optimized-offline-2.appspot.com\"}","GCLOUD_PROJECT":"vizuara-optimized-offline-2","EVENTARC_CLOUD_EVENT_SOURCE":"projects/vizuara-optimized-offline-2/locations/asia-south1/functions/generate_json_file"},"runtime":"nodejs16","ingressSettings":"ALLOW_ALL","buildId":"a76decf2-efbe-41d5-b85a-3d8c78f08838","buildName":"projects/856708895433/locations/asia-south1/builds/a76decf2-efbe-41d5-b85a-3d8c78f08838","dockerRegistry":"ARTIFACT_REGISTRY"},"versionId":"2","updateTime":"2023-01-12T06:46:11Z","buildId":"881a2169-d01f-42fe-85e2-d843c6efb253","buildName":"projects/856708895433/locations/asia-south1/builds/881a2169-d01f-42fe-85e2-d843c6efb253"}}
[debug] [2023-01-12T06:46:19.851Z] [update-default-asia-south1-generate_json_file] Retrying task index 0
[debug] [2023-01-12T06:46:19.852Z] >>> [apiv2][query] GET https://cloudfunctions.googleapis.com/v1/operations/dml6dWFyYS1vcHRpbWl6ZWQtb2ZmbGluZS0yL2FzaWEtc291dGgxL2dlbmVyYXRlX2pzb25fZmlsZS9MM1hFa0FJY20yNA [none]
[debug] [2023-01-12T06:46:20.015Z] <<< [apiv2][status] GET https://cloudfunctions.googleapis.com/v1/operations/dml6dWFyYS1vcHRpbWl6ZWQtb2ZmbGluZS0yL2FzaWEtc291dGgxL2dlbmVyYXRlX2pzb25fZmlsZS9MM1hFa0FJY20yNA 200
[debug] [2023-01-12T06:46:20.015Z] <<< [apiv2][body] GET https://cloudfunctions.googleapis.com/v1/operations/dml6dWFyYS1vcHRpbWl6ZWQtb2ZmbGluZS0yL2FzaWEtc291dGgxL2dlbmVyYXRlX2pzb25fZmlsZS9MM1hFa0FJY20yNA {"name":"operations/dml6dWFyYS1vcHRpbWl6ZWQtb2ZmbGluZS0yL2FzaWEtc291dGgxL2dlbmVyYXRlX2pzb25fZmlsZS9MM1hFa0FJY20yNA","metadata":{"@type":"type.googleapis.com/google.cloud.functions.v1.OperationMetadataV1","target":"projects/vizuara-optimized-offline-2/locations/asia-south1/functions/generate_json_file","type":"UPDATE_FUNCTION","request":{"@type":"type.googleapis.com/google.cloud.functions.v1.CloudFunction","name":"projects/vizuara-optimized-offline-2/locations/asia-south1/functions/generate_json_file","httpsTrigger":{"url":"https://asia-south1-vizuara-optimized-offline-2.cloudfunctions.net/generate_json_file","securityLevel":"SECURE_ALWAYS"},"status":"ACTIVE","entryPoint":"generate_json_file","timeout":"60s","availableMemoryMb":256,"serviceAccountEmail":"vizuara-optimized-offline-2@appspot.gserviceaccount.com","updateTime":"2023-01-12T06:39:53.382Z","versionId":"1","labels":{"deployment-tool":"cli-firebase","firebase-functions-hash":"15620abe081b887f3bcac98805e50c16ced29d74"},"sourceUploadUrl":"https://storage.googleapis.com/uploads-456801246082.asia-south1.cloudfunctions.appspot.com/1a0ba44a-a0ce-449a-a08c-f79d2200e9cd.zip?GoogleAccessId=service-856708895433@gcf-admin-robot.iam.gserviceaccount.com&Expires=1673507770&Signature=JkBwwkfK1cchNtZhaUkx3QnD8Bb%2FyzNlLC6iQeOVsx7L%2Fhsp3w3El%2B6jRXrNx5LeBTwr2Oev5RUc6f%2BTgQcSCBhZCDDIGNL9g2SIhCKaem4VRYuv%2BruqHr45JUMNpEM2i8slSl6OExA0K9hni0azxsryZWlLGgsKCeS38UEP5XJatcDuxH0r7xq7VXQSyGAFOmL5uN6iavYEKV8h0pYCrgiVK2KDxyfOBtiqGy9A3DBswJD4j96EJM83OFnhmC8iehGpd5S%2BaR7xgtHIvTpLDTUhz22iCSRDLUuXFsXxIrS5O5XPI1k00s848izzvQVFSYuBOs8kf1XsBArwF7mrrw%3D%3D","environmentVariables":{"FIREBASE_CONFIG":"{\"projectId\":\"vizuara-optimized-offline-2\",\"storageBucket\":\"vizuara-optimized-offline-2.appspot.com\"}","GCLOUD_PROJECT":"vizuara-optimized-offline-2","EVENTARC_CLOUD_EVENT_SOURCE":"projects/vizuara-optimized-offline-2/locations/asia-south1/functions/generate_json_file"},"runtime":"nodejs16","ingressSettings":"ALLOW_ALL","buildId":"a76decf2-efbe-41d5-b85a-3d8c78f08838","buildName":"projects/856708895433/locations/asia-south1/builds/a76decf2-efbe-41d5-b85a-3d8c78f08838","dockerRegistry":"ARTIFACT_REGISTRY"},"versionId":"2","updateTime":"2023-01-12T06:46:11Z","buildId":"881a2169-d01f-42fe-85e2-d843c6efb253","buildName":"projects/856708895433/locations/asia-south1/builds/881a2169-d01f-42fe-85e2-d843c6efb253"}}
[debug] [2023-01-12T06:46:28.033Z] [update-default-asia-south1-generate_json_file] Retrying task index 0
[debug] [2023-01-12T06:46:28.034Z] >>> [apiv2][query] GET https://cloudfunctions.googleapis.com/v1/operations/dml6dWFyYS1vcHRpbWl6ZWQtb2ZmbGluZS0yL2FzaWEtc291dGgxL2dlbmVyYXRlX2pzb25fZmlsZS9MM1hFa0FJY20yNA [none]
[debug] [2023-01-12T06:46:28.189Z] <<< [apiv2][status] GET https://cloudfunctions.googleapis.com/v1/operations/dml6dWFyYS1vcHRpbWl6ZWQtb2ZmbGluZS0yL2FzaWEtc291dGgxL2dlbmVyYXRlX2pzb25fZmlsZS9MM1hFa0FJY20yNA 200
[debug] [2023-01-12T06:46:28.190Z] <<< [apiv2][body] GET https://cloudfunctions.googleapis.com/v1/operations/dml6dWFyYS1vcHRpbWl6ZWQtb2ZmbGluZS0yL2FzaWEtc291dGgxL2dlbmVyYXRlX2pzb25fZmlsZS9MM1hFa0FJY20yNA {"name":"operations/dml6dWFyYS1vcHRpbWl6ZWQtb2ZmbGluZS0yL2FzaWEtc291dGgxL2dlbmVyYXRlX2pzb25fZmlsZS9MM1hFa0FJY20yNA","metadata":{"@type":"type.googleapis.com/google.cloud.functions.v1.OperationMetadataV1","target":"projects/vizuara-optimized-offline-2/locations/asia-south1/functions/generate_json_file","type":"UPDATE_FUNCTION","request":{"@type":"type.googleapis.com/google.cloud.functions.v1.CloudFunction","name":"projects/vizuara-optimized-offline-2/locations/asia-south1/functions/generate_json_file","httpsTrigger":{"url":"https://asia-south1-vizuara-optimized-offline-2.cloudfunctions.net/generate_json_file","securityLevel":"SECURE_ALWAYS"},"status":"ACTIVE","entryPoint":"generate_json_file","timeout":"60s","availableMemoryMb":256,"serviceAccountEmail":"vizuara-optimized-offline-2@appspot.gserviceaccount.com","updateTime":"2023-01-12T06:39:53.382Z","versionId":"1","labels":{"deployment-tool":"cli-firebase","firebase-functions-hash":"15620abe081b887f3bcac98805e50c16ced29d74"},"sourceUploadUrl":"https://storage.googleapis.com/uploads-456801246082.asia-south1.cloudfunctions.appspot.com/1a0ba44a-a0ce-449a-a08c-f79d2200e9cd.zip?GoogleAccessId=service-856708895433@gcf-admin-robot.iam.gserviceaccount.com&Expires=1673507770&Signature=JkBwwkfK1cchNtZhaUkx3QnD8Bb%2FyzNlLC6iQeOVsx7L%2Fhsp3w3El%2B6jRXrNx5LeBTwr2Oev5RUc6f%2BTgQcSCBhZCDDIGNL9g2SIhCKaem4VRYuv%2BruqHr45JUMNpEM2i8slSl6OExA0K9hni0azxsryZWlLGgsKCeS38UEP5XJatcDuxH0r7xq7VXQSyGAFOmL5uN6iavYEKV8h0pYCrgiVK2KDxyfOBtiqGy9A3DBswJD4j96EJM83OFnhmC8iehGpd5S%2BaR7xgtHIvTpLDTUhz22iCSRDLUuXFsXxIrS5O5XPI1k00s848izzvQVFSYuBOs8kf1XsBArwF7mrrw%3D%3D","environmentVariables":{"FIREBASE_CONFIG":"{\"projectId\":\"vizuara-optimized-offline-2\",\"storageBucket\":\"vizuara-optimized-offline-2.appspot.com\"}","GCLOUD_PROJECT":"vizuara-optimized-offline-2","EVENTARC_CLOUD_EVENT_SOURCE":"projects/vizuara-optimized-offline-2/locations/asia-south1/functions/generate_json_file"},"runtime":"nodejs16","ingressSettings":"ALLOW_ALL","buildId":"a76decf2-efbe-41d5-b85a-3d8c78f08838","buildName":"projects/856708895433/locations/asia-south1/builds/a76decf2-efbe-41d5-b85a-3d8c78f08838","dockerRegistry":"ARTIFACT_REGISTRY"},"versionId":"2","updateTime":"2023-01-12T06:46:11Z","buildId":"881a2169-d01f-42fe-85e2-d843c6efb253","buildName":"projects/856708895433/locations/asia-south1/builds/881a2169-d01f-42fe-85e2-d843c6efb253"}}
[debug] [2023-01-12T06:46:38.195Z] [update-default-asia-south1-generate_json_file] Retrying task index 0
[debug] [2023-01-12T06:46:38.196Z] >>> [apiv2][query] GET https://cloudfunctions.googleapis.com/v1/operations/dml6dWFyYS1vcHRpbWl6ZWQtb2ZmbGluZS0yL2FzaWEtc291dGgxL2dlbmVyYXRlX2pzb25fZmlsZS9MM1hFa0FJY20yNA [none]
[debug] [2023-01-12T06:46:38.419Z] <<< [apiv2][status] GET https://cloudfunctions.googleapis.com/v1/operations/dml6dWFyYS1vcHRpbWl6ZWQtb2ZmbGluZS0yL2FzaWEtc291dGgxL2dlbmVyYXRlX2pzb25fZmlsZS9MM1hFa0FJY20yNA 200
[debug] [2023-01-12T06:46:38.420Z] <<< [apiv2][body] GET https://cloudfunctions.googleapis.com/v1/operations/dml6dWFyYS1vcHRpbWl6ZWQtb2ZmbGluZS0yL2FzaWEtc291dGgxL2dlbmVyYXRlX2pzb25fZmlsZS9MM1hFa0FJY20yNA {"name":"operations/dml6dWFyYS1vcHRpbWl6ZWQtb2ZmbGluZS0yL2FzaWEtc291dGgxL2dlbmVyYXRlX2pzb25fZmlsZS9MM1hFa0FJY20yNA","metadata":{"@type":"type.googleapis.com/google.cloud.functions.v1.OperationMetadataV1","target":"projects/vizuara-optimized-offline-2/locations/asia-south1/functions/generate_json_file","type":"UPDATE_FUNCTION","request":{"@type":"type.googleapis.com/google.cloud.functions.v1.CloudFunction","name":"projects/vizuara-optimized-offline-2/locations/asia-south1/functions/generate_json_file","httpsTrigger":{"url":"https://asia-south1-vizuara-optimized-offline-2.cloudfunctions.net/generate_json_file","securityLevel":"SECURE_ALWAYS"},"status":"ACTIVE","entryPoint":"generate_json_file","timeout":"60s","availableMemoryMb":256,"serviceAccountEmail":"vizuara-optimized-offline-2@appspot.gserviceaccount.com","updateTime":"2023-01-12T06:39:53.382Z","versionId":"1","labels":{"deployment-tool":"cli-firebase","firebase-functions-hash":"15620abe081b887f3bcac98805e50c16ced29d74"},"sourceUploadUrl":"https://storage.googleapis.com/uploads-456801246082.asia-south1.cloudfunctions.appspot.com/1a0ba44a-a0ce-449a-a08c-f79d2200e9cd.zip?GoogleAccessId=service-856708895433@gcf-admin-robot.iam.gserviceaccount.com&Expires=1673507770&Signature=JkBwwkfK1cchNtZhaUkx3QnD8Bb%2FyzNlLC6iQeOVsx7L%2Fhsp3w3El%2B6jRXrNx5LeBTwr2Oev5RUc6f%2BTgQcSCBhZCDDIGNL9g2SIhCKaem4VRYuv%2BruqHr45JUMNpEM2i8slSl6OExA0K9hni0azxsryZWlLGgsKCeS38UEP5XJatcDuxH0r7xq7VXQSyGAFOmL5uN6iavYEKV8h0pYCrgiVK2KDxyfOBtiqGy9A3DBswJD4j96EJM83OFnhmC8iehGpd5S%2BaR7xgtHIvTpLDTUhz22iCSRDLUuXFsXxIrS5O5XPI1k00s848izzvQVFSYuBOs8kf1XsBArwF7mrrw%3D%3D","environmentVariables":{"FIREBASE_CONFIG":"{\"projectId\":\"vizuara-optimized-offline-2\",\"storageBucket\":\"vizuara-optimized-offline-2.appspot.com\"}","GCLOUD_PROJECT":"vizuara-optimized-offline-2","EVENTARC_CLOUD_EVENT_SOURCE":"projects/vizuara-optimized-offline-2/locations/asia-south1/functions/generate_json_file"},"runtime":"nodejs16","ingressSettings":"ALLOW_ALL","buildId":"a76decf2-efbe-41d5-b85a-3d8c78f08838","buildName":"projects/856708895433/locations/asia-south1/builds/a76decf2-efbe-41d5-b85a-3d8c78f08838","dockerRegistry":"ARTIFACT_REGISTRY"},"versionId":"2","updateTime":"2023-01-12T06:46:11Z","buildId":"881a2169-d01f-42fe-85e2-d843c6efb253","buildName":"projects/856708895433/locations/asia-south1/builds/881a2169-d01f-42fe-85e2-d843c6efb253"}}
[debug] [2023-01-12T06:46:48.425Z] [update-default-asia-south1-generate_json_file] Retrying task index 0
[debug] [2023-01-12T06:46:48.426Z] >>> [apiv2][query] GET https://cloudfunctions.googleapis.com/v1/operations/dml6dWFyYS1vcHRpbWl6ZWQtb2ZmbGluZS0yL2FzaWEtc291dGgxL2dlbmVyYXRlX2pzb25fZmlsZS9MM1hFa0FJY20yNA [none]
[debug] [2023-01-12T06:46:48.672Z] <<< [apiv2][status] GET https://cloudfunctions.googleapis.com/v1/operations/dml6dWFyYS1vcHRpbWl6ZWQtb2ZmbGluZS0yL2FzaWEtc291dGgxL2dlbmVyYXRlX2pzb25fZmlsZS9MM1hFa0FJY20yNA 200
[debug] [2023-01-12T06:46:48.672Z] <<< [apiv2][body] GET https://cloudfunctions.googleapis.com/v1/operations/dml6dWFyYS1vcHRpbWl6ZWQtb2ZmbGluZS0yL2FzaWEtc291dGgxL2dlbmVyYXRlX2pzb25fZmlsZS9MM1hFa0FJY20yNA {"name":"operations/dml6dWFyYS1vcHRpbWl6ZWQtb2ZmbGluZS0yL2FzaWEtc291dGgxL2dlbmVyYXRlX2pzb25fZmlsZS9MM1hFa0FJY20yNA","metadata":{"@type":"type.googleapis.com/google.cloud.functions.v1.OperationMetadataV1","target":"projects/vizuara-optimized-offline-2/locations/asia-south1/functions/generate_json_file","type":"UPDATE_FUNCTION","request":{"@type":"type.googleapis.com/google.cloud.functions.v1.CloudFunction","name":"projects/vizuara-optimized-offline-2/locations/asia-south1/functions/generate_json_file","httpsTrigger":{"url":"https://asia-south1-vizuara-optimized-offline-2.cloudfunctions.net/generate_json_file","securityLevel":"SECURE_ALWAYS"},"status":"ACTIVE","entryPoint":"generate_json_file","timeout":"60s","availableMemoryMb":256,"serviceAccountEmail":"vizuara-optimized-offline-2@appspot.gserviceaccount.com","updateTime":"2023-01-12T06:39:53.382Z","versionId":"1","labels":{"deployment-tool":"cli-firebase","firebase-functions-hash":"15620abe081b887f3bcac98805e50c16ced29d74"},"sourceUploadUrl":"https://storage.googleapis.com/uploads-456801246082.asia-south1.cloudfunctions.appspot.com/1a0ba44a-a0ce-449a-a08c-f79d2200e9cd.zip?GoogleAccessId=service-856708895433@gcf-admin-robot.iam.gserviceaccount.com&Expires=1673507770&Signature=JkBwwkfK1cchNtZhaUkx3QnD8Bb%2FyzNlLC6iQeOVsx7L%2Fhsp3w3El%2B6jRXrNx5LeBTwr2Oev5RUc6f%2BTgQcSCBhZCDDIGNL9g2SIhCKaem4VRYuv%2BruqHr45JUMNpEM2i8slSl6OExA0K9hni0azxsryZWlLGgsKCeS38UEP5XJatcDuxH0r7xq7VXQSyGAFOmL5uN6iavYEKV8h0pYCrgiVK2KDxyfOBtiqGy9A3DBswJD4j96EJM83OFnhmC8iehGpd5S%2BaR7xgtHIvTpLDTUhz22iCSRDLUuXFsXxIrS5O5XPI1k00s848izzvQVFSYuBOs8kf1XsBArwF7mrrw%3D%3D","environmentVariables":{"FIREBASE_CONFIG":"{\"projectId\":\"vizuara-optimized-offline-2\",\"storageBucket\":\"vizuara-optimized-offline-2.appspot.com\"}","GCLOUD_PROJECT":"vizuara-optimized-offline-2","EVENTARC_CLOUD_EVENT_SOURCE":"projects/vizuara-optimized-offline-2/locations/asia-south1/functions/generate_json_file"},"runtime":"nodejs16","ingressSettings":"ALLOW_ALL","buildId":"a76decf2-efbe-41d5-b85a-3d8c78f08838","buildName":"projects/856708895433/locations/asia-south1/builds/a76decf2-efbe-41d5-b85a-3d8c78f08838","dockerRegistry":"ARTIFACT_REGISTRY"},"versionId":"2","updateTime":"2023-01-12T06:46:11Z","buildId":"881a2169-d01f-42fe-85e2-d843c6efb253","buildName":"projects/856708895433/locations/asia-south1/builds/881a2169-d01f-42fe-85e2-d843c6efb253"}}
[debug] [2023-01-12T06:46:58.693Z] [update-default-asia-south1-generate_json_file] Retrying task index 0
[debug] [2023-01-12T06:46:58.694Z] >>> [apiv2][query] GET https://cloudfunctions.googleapis.com/v1/operations/dml6dWFyYS1vcHRpbWl6ZWQtb2ZmbGluZS0yL2FzaWEtc291dGgxL2dlbmVyYXRlX2pzb25fZmlsZS9MM1hFa0FJY20yNA [none]
[debug] [2023-01-12T06:46:58.946Z] <<< [apiv2][status] GET https://cloudfunctions.googleapis.com/v1/operations/dml6dWFyYS1vcHRpbWl6ZWQtb2ZmbGluZS0yL2FzaWEtc291dGgxL2dlbmVyYXRlX2pzb25fZmlsZS9MM1hFa0FJY20yNA 200
[debug] [2023-01-12T06:46:58.946Z] <<< [apiv2][body] GET https://cloudfunctions.googleapis.com/v1/operations/dml6dWFyYS1vcHRpbWl6ZWQtb2ZmbGluZS0yL2FzaWEtc291dGgxL2dlbmVyYXRlX2pzb25fZmlsZS9MM1hFa0FJY20yNA {"name":"operations/dml6dWFyYS1vcHRpbWl6ZWQtb2ZmbGluZS0yL2FzaWEtc291dGgxL2dlbmVyYXRlX2pzb25fZmlsZS9MM1hFa0FJY20yNA","metadata":{"@type":"type.googleapis.com/google.cloud.functions.v1.OperationMetadataV1","target":"projects/vizuara-optimized-offline-2/locations/asia-south1/functions/generate_json_file","type":"UPDATE_FUNCTION","request":{"@type":"type.googleapis.com/google.cloud.functions.v1.CloudFunction","name":"projects/vizuara-optimized-offline-2/locations/asia-south1/functions/generate_json_file","httpsTrigger":{"url":"https://asia-south1-vizuara-optimized-offline-2.cloudfunctions.net/generate_json_file","securityLevel":"SECURE_ALWAYS"},"status":"ACTIVE","entryPoint":"generate_json_file","timeout":"60s","availableMemoryMb":256,"serviceAccountEmail":"vizuara-optimized-offline-2@appspot.gserviceaccount.com","updateTime":"2023-01-12T06:39:53.382Z","versionId":"1","labels":{"deployment-tool":"cli-firebase","firebase-functions-hash":"15620abe081b887f3bcac98805e50c16ced29d74"},"sourceUploadUrl":"https://storage.googleapis.com/uploads-456801246082.asia-south1.cloudfunctions.appspot.com/1a0ba44a-a0ce-449a-a08c-f79d2200e9cd.zip?GoogleAccessId=service-856708895433@gcf-admin-robot.iam.gserviceaccount.com&Expires=1673507770&Signature=JkBwwkfK1cchNtZhaUkx3QnD8Bb%2FyzNlLC6iQeOVsx7L%2Fhsp3w3El%2B6jRXrNx5LeBTwr2Oev5RUc6f%2BTgQcSCBhZCDDIGNL9g2SIhCKaem4VRYuv%2BruqHr45JUMNpEM2i8slSl6OExA0K9hni0azxsryZWlLGgsKCeS38UEP5XJatcDuxH0r7xq7VXQSyGAFOmL5uN6iavYEKV8h0pYCrgiVK2KDxyfOBtiqGy9A3DBswJD4j96EJM83OFnhmC8iehGpd5S%2BaR7xgtHIvTpLDTUhz22iCSRDLUuXFsXxIrS5O5XPI1k00s848izzvQVFSYuBOs8kf1XsBArwF7mrrw%3D%3D","environmentVariables":{"FIREBASE_CONFIG":"{\"projectId\":\"vizuara-optimized-offline-2\",\"storageBucket\":\"vizuara-optimized-offline-2.appspot.com\"}","GCLOUD_PROJECT":"vizuara-optimized-offline-2","EVENTARC_CLOUD_EVENT_SOURCE":"projects/vizuara-optimized-offline-2/locations/asia-south1/functions/generate_json_file"},"runtime":"nodejs16","ingressSettings":"ALLOW_ALL","buildId":"a76decf2-efbe-41d5-b85a-3d8c78f08838","buildName":"projects/856708895433/locations/asia-south1/builds/a76decf2-efbe-41d5-b85a-3d8c78f08838","dockerRegistry":"ARTIFACT_REGISTRY"},"versionId":"2","updateTime":"2023-01-12T06:46:11Z","buildId":"881a2169-d01f-42fe-85e2-d843c6efb253","buildName":"projects/856708895433/locations/asia-south1/builds/881a2169-d01f-42fe-85e2-d843c6efb253"}}
[debug] [2023-01-12T06:47:08.952Z] [update-default-asia-south1-generate_json_file] Retrying task index 0
[debug] [2023-01-12T06:47:08.952Z] >>> [apiv2][query] GET https://cloudfunctions.googleapis.com/v1/operations/dml6dWFyYS1vcHRpbWl6ZWQtb2ZmbGluZS0yL2FzaWEtc291dGgxL2dlbmVyYXRlX2pzb25fZmlsZS9MM1hFa0FJY20yNA [none]
[debug] [2023-01-12T06:47:09.195Z] <<< [apiv2][status] GET https://cloudfunctions.googleapis.com/v1/operations/dml6dWFyYS1vcHRpbWl6ZWQtb2ZmbGluZS0yL2FzaWEtc291dGgxL2dlbmVyYXRlX2pzb25fZmlsZS9MM1hFa0FJY20yNA 200
[debug] [2023-01-12T06:47:09.195Z] <<< [apiv2][body] GET https://cloudfunctions.googleapis.com/v1/operations/dml6dWFyYS1vcHRpbWl6ZWQtb2ZmbGluZS0yL2FzaWEtc291dGgxL2dlbmVyYXRlX2pzb25fZmlsZS9MM1hFa0FJY20yNA {"name":"operations/dml6dWFyYS1vcHRpbWl6ZWQtb2ZmbGluZS0yL2FzaWEtc291dGgxL2dlbmVyYXRlX2pzb25fZmlsZS9MM1hFa0FJY20yNA","metadata":{"@type":"type.googleapis.com/google.cloud.functions.v1.OperationMetadataV1","target":"projects/vizuara-optimized-offline-2/locations/asia-south1/functions/generate_json_file","type":"UPDATE_FUNCTION","request":{"@type":"type.googleapis.com/google.cloud.functions.v1.CloudFunction","name":"projects/vizuara-optimized-offline-2/locations/asia-south1/functions/generate_json_file","httpsTrigger":{"url":"https://asia-south1-vizuara-optimized-offline-2.cloudfunctions.net/generate_json_file","securityLevel":"SECURE_ALWAYS"},"status":"ACTIVE","entryPoint":"generate_json_file","timeout":"60s","availableMemoryMb":256,"serviceAccountEmail":"vizuara-optimized-offline-2@appspot.gserviceaccount.com","updateTime":"2023-01-12T06:39:53.382Z","versionId":"1","labels":{"deployment-tool":"cli-firebase","firebase-functions-hash":"15620abe081b887f3bcac98805e50c16ced29d74"},"sourceUploadUrl":"https://storage.googleapis.com/uploads-456801246082.asia-south1.cloudfunctions.appspot.com/1a0ba44a-a0ce-449a-a08c-f79d2200e9cd.zip?GoogleAccessId=service-856708895433@gcf-admin-robot.iam.gserviceaccount.com&Expires=1673507770&Signature=JkBwwkfK1cchNtZhaUkx3QnD8Bb%2FyzNlLC6iQeOVsx7L%2Fhsp3w3El%2B6jRXrNx5LeBTwr2Oev5RUc6f%2BTgQcSCBhZCDDIGNL9g2SIhCKaem4VRYuv%2BruqHr45JUMNpEM2i8slSl6OExA0K9hni0azxsryZWlLGgsKCeS38UEP5XJatcDuxH0r7xq7VXQSyGAFOmL5uN6iavYEKV8h0pYCrgiVK2KDxyfOBtiqGy9A3DBswJD4j96EJM83OFnhmC8iehGpd5S%2BaR7xgtHIvTpLDTUhz22iCSRDLUuXFsXxIrS5O5XPI1k00s848izzvQVFSYuBOs8kf1XsBArwF7mrrw%3D%3D","environmentVariables":{"FIREBASE_CONFIG":"{\"projectId\":\"vizuara-optimized-offline-2\",\"storageBucket\":\"vizuara-optimized-offline-2.appspot.com\"}","GCLOUD_PROJECT":"vizuara-optimized-offline-2","EVENTARC_CLOUD_EVENT_SOURCE":"projects/vizuara-optimized-offline-2/locations/asia-south1/functions/generate_json_file"},"runtime":"nodejs16","ingressSettings":"ALLOW_ALL","buildId":"a76decf2-efbe-41d5-b85a-3d8c78f08838","buildName":"projects/856708895433/locations/asia-south1/builds/a76decf2-efbe-41d5-b85a-3d8c78f08838","dockerRegistry":"ARTIFACT_REGISTRY"},"versionId":"2","updateTime":"2023-01-12T06:46:11Z","buildId":"881a2169-d01f-42fe-85e2-d843c6efb253","buildName":"projects/856708895433/locations/asia-south1/builds/881a2169-d01f-42fe-85e2-d843c6efb253"}}
[debug] [2023-01-12T06:47:19.207Z] [update-default-asia-south1-generate_json_file] Retrying task index 0
[debug] [2023-01-12T06:47:19.208Z] >>> [apiv2][query] GET https://cloudfunctions.googleapis.com/v1/operations/dml6dWFyYS1vcHRpbWl6ZWQtb2ZmbGluZS0yL2FzaWEtc291dGgxL2dlbmVyYXRlX2pzb25fZmlsZS9MM1hFa0FJY20yNA [none]
[debug] [2023-01-12T06:47:19.467Z] <<< [apiv2][status] GET https://cloudfunctions.googleapis.com/v1/operations/dml6dWFyYS1vcHRpbWl6ZWQtb2ZmbGluZS0yL2FzaWEtc291dGgxL2dlbmVyYXRlX2pzb25fZmlsZS9MM1hFa0FJY20yNA 200
[debug] [2023-01-12T06:47:19.467Z] <<< [apiv2][body] GET https://cloudfunctions.googleapis.com/v1/operations/dml6dWFyYS1vcHRpbWl6ZWQtb2ZmbGluZS0yL2FzaWEtc291dGgxL2dlbmVyYXRlX2pzb25fZmlsZS9MM1hFa0FJY20yNA {"name":"operations/dml6dWFyYS1vcHRpbWl6ZWQtb2ZmbGluZS0yL2FzaWEtc291dGgxL2dlbmVyYXRlX2pzb25fZmlsZS9MM1hFa0FJY20yNA","metadata":{"@type":"type.googleapis.com/google.cloud.functions.v1.OperationMetadataV1","target":"projects/vizuara-optimized-offline-2/locations/asia-south1/functions/generate_json_file","type":"UPDATE_FUNCTION","request":{"@type":"type.googleapis.com/google.cloud.functions.v1.CloudFunction","name":"projects/vizuara-optimized-offline-2/locations/asia-south1/functions/generate_json_file","httpsTrigger":{"url":"https://asia-south1-vizuara-optimized-offline-2.cloudfunctions.net/generate_json_file","securityLevel":"SECURE_ALWAYS"},"status":"ACTIVE","entryPoint":"generate_json_file","timeout":"60s","availableMemoryMb":256,"serviceAccountEmail":"vizuara-optimized-offline-2@appspot.gserviceaccount.com","updateTime":"2023-01-12T06:39:53.382Z","versionId":"1","labels":{"deployment-tool":"cli-firebase","firebase-functions-hash":"15620abe081b887f3bcac98805e50c16ced29d74"},"sourceUploadUrl":"https://storage.googleapis.com/uploads-456801246082.asia-south1.cloudfunctions.appspot.com/1a0ba44a-a0ce-449a-a08c-f79d2200e9cd.zip?GoogleAccessId=service-856708895433@gcf-admin-robot.iam.gserviceaccount.com&Expires=1673507770&Signature=JkBwwkfK1cchNtZhaUkx3QnD8Bb%2FyzNlLC6iQeOVsx7L%2Fhsp3w3El%2B6jRXrNx5LeBTwr2Oev5RUc6f%2BTgQcSCBhZCDDIGNL9g2SIhCKaem4VRYuv%2BruqHr45JUMNpEM2i8slSl6OExA0K9hni0azxsryZWlLGgsKCeS38UEP5XJatcDuxH0r7xq7VXQSyGAFOmL5uN6iavYEKV8h0pYCrgiVK2KDxyfOBtiqGy9A3DBswJD4j96EJM83OFnhmC8iehGpd5S%2BaR7xgtHIvTpLDTUhz22iCSRDLUuXFsXxIrS5O5XPI1k00s848izzvQVFSYuBOs8kf1XsBArwF7mrrw%3D%3D","environmentVariables":{"FIREBASE_CONFIG":"{\"projectId\":\"vizuara-optimized-offline-2\",\"storageBucket\":\"vizuara-optimized-offline-2.appspot.com\"}","GCLOUD_PROJECT":"vizuara-optimized-offline-2","EVENTARC_CLOUD_EVENT_SOURCE":"projects/vizuara-optimized-offline-2/locations/asia-south1/functions/generate_json_file"},"runtime":"nodejs16","ingressSettings":"ALLOW_ALL","buildId":"a76decf2-efbe-41d5-b85a-3d8c78f08838","buildName":"projects/856708895433/locations/asia-south1/builds/a76decf2-efbe-41d5-b85a-3d8c78f08838","dockerRegistry":"ARTIFACT_REGISTRY"},"versionId":"2","updateTime":"2023-01-12T06:46:11Z","buildId":"881a2169-d01f-42fe-85e2-d843c6efb253","buildName":"projects/856708895433/locations/asia-south1/builds/881a2169-d01f-42fe-85e2-d843c6efb253"}}
